17
(24,7) (23,6) (22,5) (22,4) (22,3) (23,3) (23,4) (23,5) (22,6) (21,7) (22,8) (22,9) (23,8) (23,7) (24,6) (24,5) (24,4)
16
(7,14) (6,13) (5,12) (4,11) (3,10) (2,11) (2,12) (3,11) (3,12) (4,13) (5,14) (5,15) (6,14) (6,15) (7,14) (5,15)
-1
-1
7
(22,10) (21,10) (20,9) (20,8) (21,7) (21,6) (21,5)
3
(21,7) (21,6) (21,5)
-1
3
(22,6) (21,6) (20,6)
9
(24,8) (23,9) (22,9) (21,8) (21,7) (21,6) (21,5) (21,4) (22,3)
28
(25,7) (24,6) (24,5) (23,4) (22,3) (21,3) (20,4) (21,4) (21,5) (21,6) (21,7) (20,8) (21,8) (21,9) (22,9) (22,10) (23,9) (23,10) (24,9) (24,8) (24,7) (25,6) (25,5) (24,4) (23,3) (23,2) (24,3) (25,4)
-1
3
(25,3) (24,2) (23,2)
15
(23,9) (22,9) (21,8) (20,7) (20,6) (20,5) (21,4) (21,5) (21,6) (21,7) (22,6) (22,5) (22,4) (22,9) (23,9)
16
(7,14) (6,13) (5,12) (4,11) (3,10) (2,11) (2,12) (3,11) (3,12) (4,13) (5,14) (5,15) (6,14) (6,15) (7,14) (5,15)
8
(6,14) (5,13) (4,12) (3,11) (3,12) (4,11) (6,13) (6,14)
