4
(9,12) (8,11) (9,10) (9,11)
6
(10,12) (9,11) (8,11) (9,10) (10,10) (10,12)
11
(11,11) (10,10) (9,9) (9,10) (8,11) (9,11) (9,12) (9,13) (10,12) (10,13) (10,13)
-1
-1
2
(8,9) (8,8)
7
(11,12) (10,13) (9,13) (9,9) (11,10) (10,9) (9,9)
-1
9
(12,11) (11,10) (10,9) (9,10) (10,11) (9,12) (10,13) (11,12) (11,11)
7
(10,12) (9,12) (8,11) (8,10) (9,10) (10,10) (10,12)
-1
19
(11,13) (10,12) (9,12) (8,11) (7,10) (6,11) (7,12) (8,12) (8,13) (9,14) (10,13) (11,11) (10,12) (9,12) (8,12) (8,13) (9,14) (10,13) (11,13)
7
(11,12) (10,12) (10,13) (11,10) (10,12) (10,13) (11,12)
-1
14
(10,13) (9,12) (8,12) (7,11) (7,10) (8,10) (9,9) (9,10) (10,9) (10,10) (10,11) (10,12) (9,13) (10,13)
-1
7
(10,11) (9,10) (8,10) (8,11) (8,12) (9,11) (9,12)
-1
-1
-1
2
(10,9) (10,8)
2
(7,10) (7,9)
-1
2
(8,10) (8,9)
3
(8,12) (7,11) (8,10)
12
(11,12) (10,11) (10,10) (9,9) (8,10) (7,10) (7,11) (7,12) (8,12) (9,13) (10,12) (11,12)
19
(12,11) (11,10) (10,10) (9,9) (8,10) (7,9) (6,10) (7,10) (7,11) (6,12) (7,12) (7,13) (8,12) (9,13) (10,12) (10,11) (11,12) (11,13) (11,13)
-1
-1
-1
8
(10,12) (9,12) (8,11) (8,10) (9,10) (10,10) (10,11) (10,12)
