6
(7,12) (6,11) (6,12) (6,13) (7,12) (7,11)
10
(8,12) (7,11) (6,11) (5,11) (6,12) (5,13) (6,13) (7,12) (7,11) (8,12)
-1
-1
-1
2
(5,10) (4,10)
14
(9,12) (8,13) (7,14) (6,14) (5,14) (4,13) (4,12) (4,11) (5,10) (6,9) (7,9) (8,9) (9,10) (9,11)
-1
26
(10,11) (9,10) (8,9) (7,8) (6,9) (5,10) (4,11) (3,12) (4,12) (4,13) (5,12) (5,11) (6,10) (7,9) (7,10) (8,11) (8,12) (7,13) (6,13) (5,14) (6,14) (6,15) (7,14) (8,13) (9,12) (9,11)
2
(6,13) (5,13)
16
(9,11) (8,10) (7,9) (6,10) (5,11) (4,12) (5,13) (5,14) (6,13) (6,14) (7,13) (7,12) (6,11) (7,10) (8,9) (8,12)
-1
6
(6,9) (5,10) (5,11) (4,12) (4,13) (5,14)
4
(8,11) (7,11) (6,12) (5,12)
-1
4
(7,12) (6,11) (6,12) (7,11)
3
(7,13) (6,13) (5,12)
14
(8,12) (7,13) (6,13) (5,12) (5,11) (6,10) (6,9) (7,9) (7,10) (8,10) (8,11) (7,13) (6,14) (5,13)
-1
-1
5
(5,11) (4,10) (4,11) (5,11) (5,11)
7
(6,9) (5,10) (5,11) (4,12) (5,12) (5,13) (5,14)
-1
-1
6
(7,12) (6,11) (6,12) (6,13) (7,12) (7,11)
10
(8,12) (7,11) (6,11) (5,11) (6,12) (5,13) (6,13) (7,12) (7,11) (8,12)
-1
2
(6,13) (5,13)
3
(7,13) (6,13) (5,12)
14
(8,12) (7,13) (6,13) (5,12) (5,11) (6,10) (6,9) (7,9) (7,10) (8,10) (8,11) (7,13) (6,14) (5,13)
6
(7,12) (6,11) (6,12) (6,13) (7,12) (7,11)
