4
(10,15) (9,14) (9,15) (8,16)
6
(10,16) (9,15) (8,14) (9,14) (10,15) (10,16)
12
(11,16) (10,15) (9,14) (8,13) (8,14) (7,15) (8,16) (9,15) (10,16) (9,17) (11,15) (11,16)
22
(12,16) (11,15) (10,15) (9,14) (8,13) (7,13) (8,12) (9,12) (9,13) (8,14) (7,15) (7,16) (8,16) (8,17) (9,17) (10,16) (9,15) (11,15) (11,16) (11,17) (12,16) (12,15)
33
(13,16) (12,15) (11,14) (10,13) (9,12) (8,11) (8,12) (7,13) (6,14) (6,15) (6,16) (7,15) (7,16) (8,16) (8,17) (8,18) (9,17) (9,18) (10,18) (11,17) (10,16) (9,15) (8,14) (8,13) (9,13) (9,14) (10,15) (11,15) (11,16) (12,16) (13,15) (13,15) (13,16)
51
(14,16) (13,15) (12,15) (11,14) (10,13) (9,12) (8,11) (7,11) (8,10) (9,10) (9,11) (8,12) (7,13) (6,13) (5,14) (6,14) (6,15) (5,16) (6,16) (6,17) (7,16) (7,15) (8,14) (8,13) (9,13) (9,14) (9,15) (8,16) (8,17) (7,18) (8,18) (8,19) (9,18) (9,17) (10,16) (10,15) (11,15) (11,16) (11,17) (10,18) (10,19) (11,18) (9,17) (10,18) (10,19) (11,18) (11,17) (13,16) (13,17) (14,16) (14,15)
3
(6,16) (5,15) (6,14)
5
(9,17) (8,17) (7,16) (7,15) (9,17)
3
(12,14) (11,13) (10,12)
5
(8,18) (7,17) (6,16) (7,16) (8,17)
9
(11,16) (10,17) (9,17) (8,16) (7,15) (7,14) (8,13) (9,13) (9,13)
24
(12,16) (11,15) (10,14) (9,13) (8,12) (7,13) (6,14) (6,15) (7,14) (7,15) (7,16) (8,16) (8,17) (9,17) (9,18) (10,17) (10,18) (11,17) (11,16) (10,15) (9,14) (8,13) (9,12) (12,16)
-1
3
(8,18) (7,17) (6,16)
9
(11,16) (10,17) (9,16) (8,15) (7,14) (7,15) (8,16) (9,17) (11,16)
17
(11,17) (10,17) (9,16) (8,15) (7,14) (6,14) (6,15) (7,15) (8,16) (9,17) (9,18) (10,18) (9,17) (9,18) (10,17) (10,18) (11,17)
6
(10,17) (9,17) (8,17) (7,16) (7,15) (7,14)
5
(10,16) (10,15) (9,14) (8,14) (10,16)
-1
18
(12,15) (11,14) (10,13) (9,12) (8,13) (7,13) (8,14) (7,15) (8,15) (8,16) (9,16) (9,17) (10,16) (10,15) (9,14) (10,14) (11,16) (11,17)
-1
4
(9,17) (8,17) (7,16) (7,15)
8
(11,16) (10,16) (9,16) (8,15) (7,14) (8,13) (8,14) (11,16)
18
(12,15) (11,14) (10,13) (9,12) (8,13) (7,14) (8,14) (8,15) (8,16) (9,16) (10,16) (10,17) (11,16) (12,15) (11,14) (10,13) (11,12) (12,13)
-1
5
(11,15) (10,14) (9,13) (9,14) (10,15)
9
(11,16) (10,15) (9,14) (8,13) (8,14) (9,13) (10,14) (11,15) (10,16)
19
(12,16) (11,15) (10,14) (9,13) (8,12) (7,13) (7,14) (8,13) (8,14) (8,15) (9,14) (10,15) (9,16) (10,16) (10,17) (11,16) (11,17) (12,16) (11,17)
2
(8,14) (8,13)
7
(11,15) (10,15) (9,14) (9,13) (10,13) (11,14) (11,15)
16
(12,15) (11,14) (10,13) (9,12) (8,13) (9,13) (9,14) (8,15) (9,15) (9,16) (10,15) (11,15) (11,16) (12,14) (11,13) (10,12)
7
(11,15) (10,16) (9,15) (8,14) (9,13) (10,13) (11,14)
6
(10,15) (9,14) (8,15) (9,15) (9,16) (10,15)
10
(11,15) (10,14) (9,13) (9,14) (8,15) (9,15) (9,16) (10,15) (11,14) (10,13)
16
(12,15) (11,14) (10,13) (9,12) (8,13) (9,13) (9,14) (8,15) (9,15) (9,16) (10,15) (10,14) (11,15) (11,16) (12,15) (11,16)
24
(13,15) (12,14) (11,14) (10,13) (9,12) (8,13) (7,14) (8,15) (9,14) (9,13) (10,12) (9,11) (10,11) (11,12) (12,13) (13,14) (12,15) (11,15) (10,14) (9,15) (9,16) (10,15) (11,16) (10,17)
-1
1
(7,14)
3
(9,16) (8,15) (8,16)
26
(13,15) (12,14) (11,13) (10,12) (9,11) (8,12) (7,12) (7,13) (7,14) (7,15) (7,16) (8,15) (8,14) (8,13) (9,14) (10,15) (9,16) (8,16) (8,17) (9,17) (10,16) (10,17) (11,16) (11,17) (12,16) (12,17)
4
(9,16) (8,15) (8,16) (9,15)
3
(9,16) (8,15) (8,16)
18
(12,14) (11,13) (10,12) (9,13) (8,14) (7,15) (7,16) (8,15) (8,16) (8,17) (9,16) (9,17) (10,16) (10,15) (9,14) (10,13) (11,14) (11,15)
-1
10
(12,15) (11,16) (10,17) (10,12) (9,12) (8,13) (7,14) (9,12) (8,13) (7,14)
5
(10,14) (9,15) (8,15) (8,16) (9,16)
11
(10,16) (9,15) (8,14) (7,15) (7,16) (8,15) (8,16) (8,17) (9,16) (9,17) (10,16)
5
(10,15) (9,14) (8,15) (8,16) (9,16)
5
(10,16) (9,16) (8,15) (8,14) (10,16)
12
(11,15) (10,14) (9,13) (8,14) (7,14) (8,15) (7,16) (8,16) (8,17) (9,16) (10,16) (10,17)
18
(11,17) (10,16) (9,16) (8,15) (7,14) (6,15) (7,16) (8,16) (8,17) (9,18) (10,17) (9,16) (10,16) (10,17) (9,18) (10,13) (11,14) (11,17)
28
(12,16) (11,15) (10,14) (9,13) (8,12) (7,13) (6,13) (7,14) (6,15) (6,16) (7,16) (8,15) (8,14) (9,13) (10,12) (11,15) (10,16) (9,16) (8,16) (8,17) (8,18) (9,18) (10,17) (11,17) (11,18) (12,16) (11,17) (11,18)
5
(11,15) (11,14) (10,13) (9,13) (11,15)
9
(11,16) (10,16) (10,17) (8,13) (7,14) (8,14) (7,14) (8,14) (8,14)
24
(12,16) (11,15) (10,14) (9,13) (8,12) (8,13) (7,14) (6,15) (6,16) (6,17) (7,16) (7,17) (7,18) (8,17) (8,18) (9,18) (10,17) (10,16) (11,16) (12,15) (11,14) (10,13) (9,12) (12,16)
20
(11,17) (10,16) (9,15) (8,14) (7,13) (7,14) (7,15) (7,16) (7,17) (8,16) (8,15) (9,16) (8,17) (9,17) (10,17) (11,16) (11,15) (10,14) (9,13) (8,13)
7
(10,15) (9,14) (8,15) (7,15) (8,16) (9,16) (9,17)
10
(10,17) (9,16) (8,15) (7,14) (7,15) (8,16) (9,17) (9,17) (10,17) (10,17)
20
(11,16) (10,15) (9,14) (8,13) (7,14) (6,14) (6,15) (7,15) (8,15) (8,16) (9,16) (9,17) (9,18) (10,17) (10,18) (11,14) (11,15) (11,16) (10,17) (9,18)
6
(10,17) (9,17) (8,17) (7,16) (7,15) (7,14)
8
(10,16) (9,17) (8,17) (7,16) (7,15) (8,14) (9,14) (10,15)
20
(11,16) (10,15) (9,14) (8,13) (7,14) (6,15) (6,16) (7,15) (7,16) (7,17) (8,17) (8,18) (9,17) (9,18) (10,17) (10,16) (11,15) (10,14) (9,13) (8,14)
8
(10,16) (9,17) (8,17) (7,16) (7,15) (8,14) (9,14) (10,15)
