4
(12,31) (12,30) (12,29) (11,28)
7
(17,10) (16,9) (15,8) (15,9) (16,8) (17,9) (16,10)
1
(11,8)
1
(11,8)
5
(19,15) (18,16) (17,16) (18,16) (17,16)
4
(13,31) (12,31) (11,31) (12,32)
8
(13,26) (12,25) (11,24) (11,25) (10,26) (10,27) (13,25) (13,26)
7
(13,32) (12,31) (11,31) (11,32) (12,32) (13,31) (13,30)
5
(13,30) (12,29) (11,29) (11,30) (12,30)
12
(18,9) (17,8) (16,7) (15,8) (15,9) (16,8) (16,9) (16,10) (17,9) (17,10) (18,9) (17,10)
-1
4
(12,25) (11,24) (10,25) (11,25)
7
(13,30) (12,31) (11,30) (11,29) (11,28) (12,28) (13,29)
20
(14,30) (13,29) (12,28) (11,28) (10,28) (11,29) (10,30) (11,30) (11,31) (12,31) (13,30) (13,31) (14,30) (13,31) (13,27) (12,26) (11,26) (10,25) (10,26) (13,31)
11
(13,30) (12,31) (11,30) (10,29) (11,28) (10,27) (11,26) (11,25) (13,29) (12,28) (12,28)
